2014-08-08 01:42:24 [SERVER] [INFO] Starting integrated minecraft server version 1.6.4
2014-08-08 01:42:24 [SERVER] [INFO] Generating keypair
2014-08-08 01:42:25 [SERVER] [INFO] Converting map!
2014-08-08 01:42:25 [SERVER] [INFO] Scanning folders...
2014-08-08 01:42:25 [SERVER] [INFO] Total conversion count is 0
2014-08-08 01:42:27 [SERVER] [INFO] Preparing start region for level 0
2014-08-08 01:42:28 [SERVER] [INFO] Preparing spawn area: 61%
2014-08-08 01:42:29 [SERVER] [INFO] Player406[/127.0.0.1:0] logged in with entity id 4 at (244.5, 4.0, 537.5)
2014-08-08 01:42:29 [SERVER] [INFO] Player406 joined the game
2014-08-08 01:44:56 [SERVER] [INFO] [Player406: Given Pumpkin Pie (ID 400) * 1 to Player406]
2014-08-08 01:45:13 [SERVER] [INFO] Stopping server
2014-08-08 01:45:13 [SERVER] [INFO] Saving players
2014-08-08 01:45:13 [SERVER] [INFO] Player406 left the game
2014-08-08 01:45:13 [SERVER] [INFO] Saving worlds
2014-08-08 01:45:13 [SERVER] [INFO] Saving chunks for level 'New World'/Overworld
2014-08-08 01:45:13 [SERVER] [INFO] Saving chunks for level 'New World'/Nether
2014-08-08 01:45:13 [SERVER] [INFO] Saving chunks for level 'New World'/The End
2014-08-08 01:45:13 [SERVER] [INFO] Stopping server
2014-08-08 01:45:46 [SERVER] [INFO] Starting integrated minecraft server version 1.6.4
2014-08-08 01:45:46 [SERVER] [INFO] Generating keypair
2014-08-08 01:45:54 [SERVER] [INFO] Preparing start region for level 0
2014-08-08 01:45:54 [SERVER] [INFO] Player171[/127.0.0.1:0] logged in with entity id 20 at (244.5, 4.0, 537.5)
2014-08-08 01:45:54 [SERVER] [INFO] Player171 joined the game
2014-08-08 01:46:28 [SERVER] [INFO] [Player171: Given item.null.name (ID 3256) * 1 to Player171]
2014-08-08 01:46:33 [SERVER] [INFO] Saving and pausing game...
2014-08-08 01:46:33 [SERVER] [INFO] Saving chunks for level 'New World'/Overworld
2014-08-08 01:46:33 [SERVER] [INFO] Saving chunks for level 'New World'/Nether
2014-08-08 01:46:33 [SERVER] [INFO] Saving chunks for level 'New World'/The End
2014-08-08 01:47:17 [SERVER] [INFO] Stopping server
2014-08-08 01:47:17 [SERVER] [INFO] Saving players
2014-08-08 01:47:17 [SERVER] [INFO] Player171 left the game
2014-08-08 01:47:17 [SERVER] [INFO] Saving worlds
2014-08-08 01:47:17 [SERVER] [INFO] Saving chunks for level 'New World'/Overworld
2014-08-08 01:47:17 [SERVER] [INFO] Saving chunks for level 'New World'/Nether
2014-08-08 01:47:17 [SERVER] [INFO] Saving chunks for level 'New World'/The End
2014-08-08 01:47:17 [SERVER] [INFO] Stopping server
2014-08-08 01:47:57 [SERVER] [INFO] Starting integrated minecraft server version 1.6.4
2014-08-08 01:47:57 [SERVER] [INFO] Generating keypair
2014-08-08 01:47:59 [SERVER] [INFO] Preparing start region for level 0
2014-08-08 01:48:00 [SERVER] [INFO] Player375[/127.0.0.1:0] logged in with entity id 27 at (268.29865663383225, 18.8549681918353, 554.536060258911)
2014-08-08 01:48:00 [SERVER] [INFO] Player375 joined the game
2014-08-08 01:48:13 [SERVER] [INFO] [Player375: Given item.null.name (ID 3000) * 1 to Player375]
2014-08-08 01:48:30 [SERVER] [INFO] Stopping server
2014-08-08 01:48:30 [SERVER] [INFO] Saving players
2014-08-08 01:48:30 [SERVER] [INFO] Player375 left the game
2014-08-08 01:48:30 [SERVER] [INFO] Saving worlds
2014-08-08 01:48:30 [SERVER] [INFO] Saving chunks for level 'New World'/Overworld
2014-08-08 01:48:30 [SERVER] [INFO] Saving chunks for level 'New World'/Nether
2014-08-08 01:48:30 [SERVER] [INFO] Saving chunks for level 'New World'/The End
2014-08-08 01:48:31 [SERVER] [INFO] Stopping server
2014-08-08 02:03:17 [SERVER] [INFO] Starting integrated minecraft server version 1.6.4
2014-08-08 02:03:17 [SERVER] [INFO] Generating keypair
2014-08-08 02:03:17 [SERVER] [INFO] Preparing start region for level 0
2014-08-08 02:03:18 [SERVER] [INFO] Player62[/127.0.0.1:0] logged in with entity id 30 at (268.4514515236122, 18.8549681918353, 553.7626573649396)
2014-08-08 02:03:18 [SERVER] [INFO] Player62 joined the game
2014-08-08 02:04:20 [SERVER] [INFO] Stopping server
2014-08-08 02:04:20 [SERVER] [INFO] Saving players
2014-08-08 02:04:20 [SERVER] [INFO] Player62 left the game
2014-08-08 02:04:20 [SERVER] [INFO] Saving worlds
2014-08-08 02:04:20 [SERVER] [INFO] Saving chunks for level 'New World'/Overworld
2014-08-08 02:04:20 [SERVER] [INFO] Saving chunks for level 'New World'/Nether
2014-08-08 02:04:20 [SERVER] [INFO] Saving chunks for level 'New World'/The End
2014-08-08 02:04:21 [SERVER] [INFO] Stopping server
2014-08-08 02:05:09 [SERVER] [INFO] Starting integrated minecraft server version 1.6.4
2014-08-08 02:05:09 [SERVER] [INFO] Generating keypair
2014-08-08 02:05:09 [SERVER] [INFO] Preparing start region for level 0
2014-08-08 02:05:10 [SERVER] [INFO] Player625[/127.0.0.1:0] logged in with entity id 28 at (268.08982761674, 18.8549681918353, 555.0171861536896)
2014-08-08 02:05:10 [SERVER] [INFO] Player625 joined the game
2014-08-08 02:09:54 [SERVER] [INFO] Starting integrated minecraft server version 1.6.4
2014-08-08 02:09:54 [SERVER] [INFO] Generating keypair
2014-08-08 02:09:54 [SERVER] [INFO] Preparing start region for level 0
2014-08-08 02:09:55 [SERVER] [INFO] Player453[/127.0.0.1:0] logged in with entity id 24 at (268.08982761674, 18.8549681918353, 555.0171861536896)
2014-08-08 02:09:55 [SERVER] [INFO] Player453 joined the game
2014-08-08 02:10:24 [SERVER] [INFO] Saving and pausing game...
2014-08-08 02:10:24 [SERVER] [INFO] Saving chunks for level 'New World'/Overworld
2014-08-08 02:10:24 [SERVER] [INFO] Saving chunks for level 'New World'/Nether
2014-08-08 02:10:24 [SERVER] [INFO] Saving chunks for level 'New World'/The End
2014-08-08 02:10:51 [SERVER] [INFO] [Player453: Game rule has been updated]
2014-08-08 02:11:05 [SERVER] [INFO] [Player453: Game rule has been updated]
2014-08-08 02:11:09 [SERVER] [INFO] Stopping server
2014-08-08 02:11:09 [SERVER] [INFO] Saving players
2014-08-08 02:11:09 [SERVER] [INFO] Player453 left the game
2014-08-08 02:11:09 [SERVER] [INFO] Saving worlds
2014-08-08 02:11:09 [SERVER] [INFO] Saving chunks for level 'New World'/Overworld
2014-08-08 02:11:09 [SERVER] [INFO] Saving chunks for level 'New World'/Nether
2014-08-08 02:11:09 [SERVER] [INFO] Saving chunks for level 'New World'/The End
2014-08-08 02:11:09 [SERVER] [INFO] Stopping server
2014-08-08 02:14:32 [SERVER] [INFO] Starting integrated minecraft server version 1.6.4
2014-08-08 02:14:32 [SERVER] [INFO] Generating keypair
2014-08-08 02:14:32 [SERVER] [INFO] Preparing start region for level 0
2014-08-08 02:14:33 [SERVER] [INFO] Player328[/127.0.0.1:0] logged in with entity id 26 at (267.4355594904466, 18.8549681918353, 554.2405146767167)
2014-08-08 02:14:33 [SERVER] [INFO] Player328 joined the game
2014-08-08 02:19:14 [SERVER] [INFO] [Player328: Set game difficulty to Peaceful]
2014-08-08 02:39:10 [SERVER] [INFO] Stopping server
2014-08-08 02:39:10 [SERVER] [INFO] Saving players
2014-08-08 02:39:10 [SERVER] [INFO] Player328 left the game
2014-08-08 02:39:10 [SERVER] [INFO] Saving worlds
2014-08-08 02:39:10 [SERVER] [INFO] Saving chunks for level 'New World'/Overworld
2014-08-08 02:39:10 [SERVER] [INFO] Saving chunks for level 'New World'/Nether
2014-08-08 02:39:10 [SERVER] [INFO] Saving chunks for level 'New World'/The End
2014-08-08 02:39:11 [SERVER] [INFO] Stopping server
2014-08-08 02:39:25 [SERVER] [INFO] Starting integrated minecraft server version 1.6.4
2014-08-08 02:39:25 [SERVER] [INFO] Generating keypair
2014-08-08 02:39:25 [SERVER] [INFO] Preparing start region for level 0
2014-08-08 02:39:26 [SERVER] [INFO] Player593[/127.0.0.1:0] logged in with entity id 19 at (267.4355594904466, 18.8549681918353, 554.2405146767167)
2014-08-08 02:39:26 [SERVER] [INFO] Player593 joined the game
2014-08-08 02:40:00 [SERVER] [INFO] [Player593: Given tile.electrocraft:oreRuby.name (ID 500) * 1 to Player593]
2014-08-08 02:40:08 [SERVER] [INFO] Stopping server
2014-08-08 02:40:08 [SERVER] [INFO] Saving players
2014-08-08 02:40:08 [SERVER] [INFO] Player593 left the game
2014-08-08 02:40:08 [SERVER] [INFO] Saving worlds
2014-08-08 02:40:08 [SERVER] [INFO] Saving chunks for level 'New World'/Overworld
2014-08-08 02:40:08 [SERVER] [INFO] Saving chunks for level 'New World'/Nether
2014-08-08 02:40:08 [SERVER] [INFO] Saving chunks for level 'New World'/The End
2014-08-08 02:40:08 [SERVER] [INFO] Stopping server
2014-08-08 02:40:33 [SERVER] [INFO] Starting integrated minecraft server version 1.6.4
2014-08-08 02:40:33 [SERVER] [INFO] Generating keypair
2014-08-08 02:40:33 [SERVER] [INFO] Preparing start region for level 0
2014-08-08 02:40:34 [SERVER] [INFO] Player125[/127.0.0.1:0] logged in with entity id 26 at (258.0652570023414, 4.0, 548.623112150825)
2014-08-08 02:40:34 [SERVER] [INFO] Player125 joined the game
2014-08-08 02:40:56 [SERVER] [INFO] Stopping server
2014-08-08 02:40:56 [SERVER] [INFO] Saving players
2014-08-08 02:40:56 [SERVER] [INFO] Player125 left the game
2014-08-08 02:40:56 [SERVER] [INFO] Saving worlds
2014-08-08 02:40:56 [SERVER] [INFO] Saving chunks for level 'New World'/Overworld
2014-08-08 02:40:56 [SERVER] [INFO] Saving chunks for level 'New World'/Nether
2014-08-08 02:40:56 [SERVER] [INFO] Saving chunks for level 'New World'/The End
